<?xml version="1.0" encoding="UTF-8"?>
<testsuites name="Mocha Tests" time="5.491" tests="1" failures="0">
  <testsuite name="Root Suite" timestamp="2024-09-06T08:46:47" tests="0" file="cypress/e2e/tests/RegistrationTest.cy.js" time="0.000" failures="0">
  </testsuite>
  <testsuite name="Registration Test" timestamp="2024-09-06T08:46:47" tests="1" time="5.453" failures="0">
    <testcase name="Registration Test should successfully register a new user" time="5.441" classname="should successfully register a new user">
    </testcase>
  </testsuite>
</testsuites>