<?xml version="1.0" encoding="UTF-8"?>
<testsuites name="Mocha Tests" time="0.455" tests="1" failures="0">
  <testsuite name="Root Suite" timestamp="2024-09-07T19:35:40" tests="0" file="cypress/e2e/tests/apiTest.cy.js" time="0.000" failures="0">
  </testsuite>
  <testsuite name="API Testing with Cypress" timestamp="2024-09-07T19:35:40" tests="1" time="0.418" failures="0">
    <testcase name="API Testing with Cypress should GET a list of users" time="0.418" classname="should GET a list of users">
    </testcase>
  </testsuite>
</testsuites>