<?xml version="1.0" encoding="UTF-8"?>
<testsuites name="Mocha Tests" time="5.956" tests="1" failures="0">
  <testsuite name="Root Suite" timestamp="2024-09-05T18:29:46" tests="0" file="cypress/e2e/tests/RegistrationTest.cy.js" time="0.000" failures="0">
  </testsuite>
  <testsuite name="Registration Test" timestamp="2024-09-05T18:29:46" tests="1" time="5.934" failures="0">
    <testcase name="Registration Test should successfully register a new user" time="5.905" classname="should successfully register a new user">
    </testcase>
  </testsuite>
</testsuites>