<?xml version="1.0" encoding="UTF-8"?>
<testsuites name="Mocha Tests" time="1.883" tests="1" failures="1">
  <testsuite name="Root Suite" timestamp="2024-09-07T07:41:23" tests="0" file="cypress/e2e/tests/RegistrationTest.cy.js" time="0.000" failures="0">
  </testsuite>
  <testsuite name="Registration Test" timestamp="2024-09-07T07:41:23" tests="1" time="1.840" failures="1">
    <testcase name="Registration Test should successfully register a new user" time="0.677" classname="should successfully register a new user">
      <failure message="`cy.visit()` failed trying to load:

https://reqres.in//parabank/register.htm

The response we received from your web server was:

  &gt; 404: Not Found

This was considered a failure because the status code was not `2xx`.

If you do not want status codes to cause failures pass the option: `failOnStatusCode: false`" type="CypressError"><![CDATA[CypressError: `cy.visit()` failed trying to load:

https://reqres.in//parabank/register.htm

The response we received from your web server was:

  > 404: Not Found

This was considered a failure because the status code was not `2xx`.

If you do not want status codes to cause failures pass the option: `failOnStatusCode: false`
    at <unknown> (https://reqres.in/__cypress/runner/cypress_runner.js:142324:84)
    at visitFailedByErr (https://reqres.in/__cypress/runner/cypress_runner.js:141629:12)
    at <unknown> (https://reqres.in/__cypress/runner/cypress_runner.js:142304:13)
    at tryCatcher (https://reqres.in/__cypress/runner/cypress_runner.js:11318:23)
    at Promise._settlePromiseFromHandler (https://reqres.in/__cypress/runner/cypress_runner.js:9253:31)
    at Promise._settlePromise (https://reqres.in/__cypress/runner/cypress_runner.js:9310:18)
    at Promise._settlePromise0 (https://reqres.in/__cypress/runner/cypress_runner.js:9355:10)
    at Promise._settlePromises (https://reqres.in/__cypress/runner/cypress_runner.js:9431:18)
    at _drainQueueStep (https://reqres.in/__cypress/runner/cypress_runner.js:6025:12)
    at _drainQueue (https://reqres.in/__cypress/runner/cypress_runner.js:6018:9)
    at ../../node_modules/bluebird/js/release/async.js.Async._drainQueues (https://reqres.in/__cypress/runner/cypress_runner.js:6034:5)
    at Async.drainQueues (https://reqres.in/__cypress/runner/cypress_runner.js:5904:14)
From Your Spec Code:
    at RegistrationPage.open (webpack:///./cypress/e2e/pages/RegistrationPAge.js:29:18)
    at RegistrationPage.openRegistrationPage (webpack:///./cypress/e2e/pages/RegistrationPAge.js:34:13)
    at Context.eval (webpack:///./cypress/e2e/tests/RegistrationTest.cy.js:12:7)]]></failure>
    </testcase>
  </testsuite>
</testsuites>