<?xml version="1.0" encoding="UTF-8"?>
<testsuites name="Mocha Tests" time="4.505" tests="1" failures="0">
  <testsuite name="Root Suite" timestamp="2024-09-05T18:39:32" tests="0" file="cypress/e2e/tests/LoginTest.cy.js" time="0.000" failures="0">
  </testsuite>
  <testsuite name="Login Test" timestamp="2024-09-05T18:39:32" tests="1" time="4.497" failures="0">
    <testcase name="Login Test should successfully login for user" time="4.459" classname="should successfully login for user">
    </testcase>
  </testsuite>
</testsuites>